[logs/2022-12-02-23-53-22 INFO ] 2022-12-02 23:53:23.850 BaseApiTest:84 - Request {"cost":"£829.99","location":"PAC","id":"1842347-1560779940"}
[logs/2022-12-02-23-53-22 INFO ] 2022-12-02 23:53:23.872 BaseApiTest:84 - URL is https://bddpoc.mocklab.io/post/location
[logs/2022-12-02-23-53-22 INFO ] 2022-12-02 23:53:23.872 BaseApiTest:84 - Post Request is successful
[logs/2022-12-02-23-53-22 INFO ] 2022-12-02 23:53:25.432 BaseApiTest:84 - Response 
{"id": "1842347-1560779940","cost": "£829.99","location": "PAC"}
[logs/2022-12-02-23-53-22 INFO ] 2022-12-02 23:53:25.432 BaseApiTest:84 - Expected is : 200
[logs/2022-12-02-23-53-22 INFO ] 2022-12-02 23:53:25.433 BaseApiTest:84 - Actual is : 200
[logs/2022-12-02-23-53-22 INFO ] 2022-12-02 23:53:25.906 BaseApiTest:84 - Request Payload id : 1842347-1560779940
[logs/2022-12-02-23-53-22 INFO ] 2022-12-02 23:53:25.917 BaseApiTest:84 - Response Payload id : 1842347-1560779940
[logs/2022-12-02-23-53-22 INFO ] 2022-12-02 23:53:25.927 BaseApiTest:84 - Request Payload cost : £829.99
[logs/2022-12-02-23-53-22 INFO ] 2022-12-02 23:53:25.935 BaseApiTest:84 - Response Payload cost : £829.99
[logs/2022-12-02-23-53-22 INFO ] 2022-12-02 23:53:25.943 BaseApiTest:84 - Request Payload location : PAC
[logs/2022-12-02-23-53-22 INFO ] 2022-12-02 23:53:25.951 BaseApiTest:84 - Response Payload cost : PAC
[logs/2022-12-02-23-53-22 INFO ] 2022-12-02 23:53:25.998 BaseApiTest:84 - URL is https://bddpoc.mocklab.io/get/all
[logs/2022-12-02-23-53-22 INFO ] 2022-12-02 23:53:25.999 BaseApiTest:84 - Get Request is successful
[logs/2022-12-02-23-53-22 INFO ] 2022-12-02 23:53:26.635 BaseApiTest:84 - Response 
{
  "items": [
    {
      "id": "1842347-1560779940",
      "cost": "£829.99",
      "location": "LON"
    },
    {
      "id": "1936481-1560779940",
      "cost": "£150.29",
      "location": "MAN"
    },
    {
      "id": "1936504-1560779940",
      "cost": "£1164.74",
      "location": "CAM"
    },
    {
      "id": "1936527-1560779940",
      "cost": "£279.99",
      "location": "LCS"
    }
  ]
}
[logs/2022-12-02-23-53-22 INFO ] 2022-12-02 23:53:26.638 BaseApiTest:84 - Expected is : 200
[logs/2022-12-02-23-53-22 INFO ] 2022-12-02 23:53:26.639 BaseApiTest:84 - Actual is : 200
[logs/2022-12-02-23-53-22 INFO ] 2022-12-02 23:53:26.750 BaseApiTest:84 - Expected Location is : LON , MAN , CAM , LCS
[logs/2022-12-02-23-53-22 INFO ] 2022-12-02 23:53:26.751 BaseApiTest:84 - LON is present in expected list of locations
[logs/2022-12-02-23-53-22 INFO ] 2022-12-02 23:53:26.752 BaseApiTest:84 - MAN is present in expected list of locations
[logs/2022-12-02-23-53-22 INFO ] 2022-12-02 23:53:26.752 BaseApiTest:84 - CAM is present in expected list of locations
[logs/2022-12-02-23-53-22 INFO ] 2022-12-02 23:53:26.752 BaseApiTest:84 - LCS is present in expected list of locations
